Determining if files humdrum.h exist failed with the following output:
Change Dir: /Users/mactaku/eeic/U2MIDI/build/CMakeFiles/CMakeScratch/TryCompile-sgj2Fk

Run Build Command(s):/usr/bin/make -f Makefile cmTC_1f935/fast && /Applications/Xcode.app/Contents/Developer/usr/bin/make  -f CMakeFiles/cmTC_1f935.dir/build.make CMakeFiles/cmTC_1f935.dir/build
Building C object CMakeFiles/cmTC_1f935.dir/HAVE_HUMDRUM_H.c.o
/Applications/Xcode.app/Contents/Developer/Toolchains/XcodeDefault.xctoolchain/usr/bin/cc   -isysroot /Applications/Xcode.app/Contents/Developer/Platforms/MacOSX.platform/Developer/SDKs/MacOSX13.1.sdk -MD -MT CMakeFiles/cmTC_1f935.dir/HAVE_HUMDRUM_H.c.o -MF CMakeFiles/cmTC_1f935.dir/HAVE_HUMDRUM_H.c.o.d -o CMakeFiles/cmTC_1f935.dir/HAVE_HUMDRUM_H.c.o -c /Users/mactaku/eeic/U2MIDI/build/CMakeFiles/CMakeScratch/TryCompile-sgj2Fk/HAVE_HUMDRUM_H.c
/Users/mactaku/eeic/U2MIDI/build/CMakeFiles/CMakeScratch/TryCompile-sgj2Fk/HAVE_HUMDRUM_H.c:2:10: fatal error: 'humdrum.h' file not found
#include <humdrum.h>
         ^~~~~~~~~~~
1 error generated.
make[1]: *** [CMakeFiles/cmTC_1f935.dir/HAVE_HUMDRUM_H.c.o] Error 1
make: *** [cmTC_1f935/fast] Error 2


Source:
/* */
#include <humdrum.h>


int main(void){return 0;}

Determining if files sys/io.h exist failed with the following output:
Change Dir: /Users/mactaku/eeic/U2MIDI/build/CMakeFiles/CMakeScratch/TryCompile-rOma3d

Run Build Command(s):/usr/bin/make -f Makefile cmTC_d9c5b/fast && /Applications/Xcode.app/Contents/Developer/usr/bin/make  -f CMakeFiles/cmTC_d9c5b.dir/build.make CMakeFiles/cmTC_d9c5b.dir/build
Building C object CMakeFiles/cmTC_d9c5b.dir/HAVE_SYS_IO_H.c.o
/Applications/Xcode.app/Contents/Developer/Toolchains/XcodeDefault.xctoolchain/usr/bin/cc   -isysroot /Applications/Xcode.app/Contents/Developer/Platforms/MacOSX.platform/Developer/SDKs/MacOSX13.1.sdk -MD -MT CMakeFiles/cmTC_d9c5b.dir/HAVE_SYS_IO_H.c.o -MF CMakeFiles/cmTC_d9c5b.dir/HAVE_SYS_IO_H.c.o.d -o CMakeFiles/cmTC_d9c5b.dir/HAVE_SYS_IO_H.c.o -c /Users/mactaku/eeic/U2MIDI/build/CMakeFiles/CMakeScratch/TryCompile-rOma3d/HAVE_SYS_IO_H.c
/Users/mactaku/eeic/U2MIDI/build/CMakeFiles/CMakeScratch/TryCompile-rOma3d/HAVE_SYS_IO_H.c:2:10: fatal error: 'sys/io.h' file not found
#include <sys/io.h>
         ^~~~~~~~~~
1 error generated.
make[1]: *** [CMakeFiles/cmTC_d9c5b.dir/HAVE_SYS_IO_H.c.o] Error 1
make: *** [cmTC_d9c5b/fast] Error 2


Source:
/* */
#include <sys/io.h>


int main(void){return 0;}

